[2023-09-01 11:12:11.742 -05:00 INF] Executed DbCommand (22ms) [Parameters=[], CommandType='"Text"', CommandTimeout='30']
SELECT 1 FROM INFORMATION_SCHEMA.TABLES WHERE TABLE_SCHEMA='incidencias' AND TABLE_NAME='__EFMigrationsHistory';
[2023-09-01 11:12:11.780 -05:00 INF] Executed DbCommand (1ms) [Parameters=[], CommandType='"Text"', CommandTimeout='30']
SELECT 1 FROM INFORMATION_SCHEMA.TABLES WHERE TABLE_SCHEMA='incidencias' AND TABLE_NAME='__EFMigrationsHistory';
[2023-09-01 11:12:11.809 -05:00 INF] Executed DbCommand (6ms) [Parameters=[], CommandType='"Text"', CommandTimeout='30']
SELECT `MigrationId`, `ProductVersion`
FROM `__EFMigrationsHistory`
ORDER BY `MigrationId`;
[2023-09-01 11:12:11.834 -05:00 INF] No migrations were applied. The database is already up to date.
[2023-09-01 11:12:11.953 -05:00 INF] User profile is available. Using 'C:\Users\developer\AppData\Local\ASP.NET\DataProtection-Keys' as key repository and Windows DPAPI to encrypt keys at rest.
[2023-09-01 11:12:12.006 -05:00 INF] Now listening on: http://localhost:5255
[2023-09-01 11:12:12.008 -05:00 INF] Application started. Press Ctrl+C to shut down.
[2023-09-01 11:12:12.008 -05:00 INF] Hosting environment: Development
[2023-09-01 11:12:12.008 -05:00 INF] Content root path: D:\NetCore\incidencias-app\ApiIncidencias
[2023-09-01 11:12:20.069 -05:00 INF] Application is shutting down...
[2023-09-01 16:36:02.488 -05:00 INF] Executed DbCommand (19ms) [Parameters=[], CommandType='"Text"', CommandTimeout='30']
SELECT 1 FROM INFORMATION_SCHEMA.TABLES WHERE TABLE_SCHEMA='incidencias' AND TABLE_NAME='__EFMigrationsHistory';
[2023-09-01 16:36:02.545 -05:00 INF] Executed DbCommand (3ms) [Parameters=[], CommandType='"Text"', CommandTimeout='30']
SELECT 1 FROM INFORMATION_SCHEMA.TABLES WHERE TABLE_SCHEMA='incidencias' AND TABLE_NAME='__EFMigrationsHistory';
[2023-09-01 16:36:02.584 -05:00 INF] Executed DbCommand (9ms) [Parameters=[], CommandType='"Text"', CommandTimeout='30']
SELECT `MigrationId`, `ProductVersion`
FROM `__EFMigrationsHistory`
ORDER BY `MigrationId`;
[2023-09-01 16:36:02.602 -05:00 INF] No migrations were applied. The database is already up to date.
[2023-09-01 16:36:02.744 -05:00 INF] User profile is available. Using 'C:\Users\developer\AppData\Local\ASP.NET\DataProtection-Keys' as key repository and Windows DPAPI to encrypt keys at rest.
[2023-09-01 16:36:02.813 -05:00 INF] Now listening on: http://localhost:5255
[2023-09-01 16:36:02.816 -05:00 INF] Application started. Press Ctrl+C to shut down.
[2023-09-01 16:36:02.816 -05:00 INF] Hosting environment: Development
[2023-09-01 16:36:02.816 -05:00 INF] Content root path: D:\NetCore\incidencias-app\ApiIncidencias
[2023-09-01 16:36:51.164 -05:00 INF] Request starting HTTP/1.1 POST http://localhost:5255/api/incidencias/Pais application/json 56
[2023-09-01 16:36:51.233 -05:00 WRN] Failed to determine the https port for redirect.
[2023-09-01 16:36:52.221 -05:00 INF] Executing endpoint 'ApiIncidencias.Controllers.PaisController.Post (ApiIncidencias)'
[2023-09-01 16:36:52.266 -05:00 INF] Route matched with {action = "Post", controller = "Pais"}. Executing controller action with signature System.Threading.Tasks.Task`1[Microsoft.AspNetCore.Mvc.ActionResult`1[Dominio.Pais]] Post(ApiIncidencias.Dtos.PaisDto) on controller ApiIncidencias.Controllers.PaisController (ApiIncidencias).
[2023-09-01 16:36:52.517 -05:00 INF] Executed action ApiIncidencias.Controllers.PaisController.Post (ApiIncidencias) in 246.7527ms
[2023-09-01 16:36:52.518 -05:00 INF] Executed endpoint 'ApiIncidencias.Controllers.PaisController.Post (ApiIncidencias)'
[2023-09-01 16:36:52.554 -05:00 ERR] Unable to track an entity of type 'Pais' because its primary key property 'Id' is null.
System.InvalidOperationException: Unable to track an entity of type 'Pais' because its primary key property 'Id' is null.
   at Microsoft.EntityFrameworkCore.ChangeTracking.Internal.NullableKeyIdentityMap`1.Add(InternalEntityEntry entry)
   at Microsoft.EntityFrameworkCore.ChangeTracking.Internal.StateManager.StartTracking(InternalEntityEntry entry)
   at Microsoft.EntityFrameworkCore.ChangeTracking.Internal.InternalEntityEntry.SetEntityState(EntityState oldState, EntityState newState, Boolean acceptChanges, Boolean modifyProperties)
   at Microsoft.EntityFrameworkCore.ChangeTracking.Internal.InternalEntityEntry.SetEntityState(EntityState entityState, Boolean acceptChanges, Boolean modifyProperties, Nullable`1 forceStateWhenUnknownKey, Nullable`1 fallbackState)
   at Microsoft.EntityFrameworkCore.ChangeTracking.Internal.EntityGraphAttacher.PaintAction(EntityEntryGraphNode`1 node)
   at Microsoft.EntityFrameworkCore.ChangeTracking.Internal.EntityEntryGraphIterator.TraverseGraph[TState](EntityEntryGraphNode`1 node, Func`2 handleNode)
   at Microsoft.EntityFrameworkCore.ChangeTracking.Internal.EntityGraphAttacher.AttachGraph(InternalEntityEntry rootEntry, EntityState targetState, EntityState storeGeneratedWithKeySetTargetState, Boolean forceStateWhenUnknownKey)
   at Microsoft.EntityFrameworkCore.Internal.InternalDbSet`1.SetEntityState(InternalEntityEntry entry, EntityState entityState)
   at Microsoft.EntityFrameworkCore.Internal.InternalDbSet`1.Add(TEntity entity)
   at Aplicacion.Repository.GenericRepository`1.Add(T entity) in D:\NetCore\incidencias-app\Aplicacion\Repository\GenericRepository.cs:line 24
   at ApiIncidencias.Controllers.PaisController.Post(PaisDto paisDto) in D:\NetCore\incidencias-app\ApiIncidencias\Controllers\PaisController.cs:line 83
   at lambda_method17(Closure, Object)
   at Microsoft.AspNetCore.Mvc.Infrastructure.ActionMethodExecutor.AwaitableObjectResultExecutor.Execute(ActionContext actionContext, IActionResultTypeMapper mapper, ObjectMethodExecutor executor, Object controller, Object[] arguments)
   at Microsoft.AspNetCore.Mvc.Infrastructure.ControllerActionInvoker.<InvokeActionMethodAsync>g__Awaited|12_0(ControllerActionInvoker invoker, ValueTask`1 actionResultValueTask)
   at Microsoft.AspNetCore.Mvc.Infrastructure.ControllerActionInvoker.<InvokeNextActionFilterAsync>g__Awaited|10_0(ControllerActionInvoker invoker, Task lastTask, State next, Scope scope, Object state, Boolean isCompleted)
   at Microsoft.AspNetCore.Mvc.Infrastructure.ControllerActionInvoker.Rethrow(ActionExecutedContextSealed context)
   at Microsoft.AspNetCore.Mvc.Infrastructure.ControllerActionInvoker.Next(State& next, Scope& scope, Object& state, Boolean& isCompleted)
   at Microsoft.AspNetCore.Mvc.Infrastructure.ControllerActionInvoker.InvokeInnerFilterAsync()
--- End of stack trace from previous location ---
   at Microsoft.AspNetCore.Mvc.Infrastructure.ResourceInvoker.<InvokeFilterPipelineAsync>g__Awaited|20_0(ResourceInvoker invoker, Task lastTask, State next, Scope scope, Object state, Boolean isCompleted)
   at Microsoft.AspNetCore.Mvc.Infrastructure.ResourceInvoker.<InvokeAsync>g__Logged|17_1(ResourceInvoker invoker)
   at Microsoft.AspNetCore.Mvc.Infrastructure.ResourceInvoker.<InvokeAsync>g__Logged|17_1(ResourceInvoker invoker)
   at Microsoft.AspNetCore.Routing.EndpointMiddleware.<Invoke>g__AwaitRequestTask|6_0(Endpoint endpoint, Task requestTask, ILogger logger)
   at Microsoft.AspNetCore.Authorization.AuthorizationMiddleware.Invoke(HttpContext context)
   at Microsoft.AspNetCore.Authentication.AuthenticationMiddleware.Invoke(HttpContext context)
   at AspNetCoreRateLimit.RateLimitMiddleware`1.Invoke(HttpContext context) in C:\Users\User\Documents\Github\AspNetCoreRateLimit\src\AspNetCoreRateLimit\Middleware\RateLimitMiddleware.cs:line 124
   at Swashbuckle.AspNetCore.SwaggerUI.SwaggerUIMiddleware.Invoke(HttpContext httpContext)
   at Swashbuckle.AspNetCore.Swagger.SwaggerMiddleware.Invoke(HttpContext httpContext, ISwaggerProvider swaggerProvider)
   at Microsoft.AspNetCore.Diagnostics.StatusCodePagesMiddleware.Invoke(HttpContext context)
   at ApiIncidencias.Helpers.Errors.ExceptionMiddleware.InvokeAsync(HttpContext context) in D:\NetCore\incidencias-app\ApiIncidencias\Helpers\Errors\ExceptionMiddleware.cs:line 28
[2023-09-01 16:36:52.596 -05:00 INF] Request finished HTTP/1.1 POST http://localhost:5255/api/incidencias/Pais application/json 56 - 500 - application/json 1433.3262ms
[2023-09-01 16:40:29.988 -05:00 INF] Request starting HTTP/1.1 POST http://localhost:5255/api/incidencias/Pais?ver=1.0 application/json 56
[2023-09-01 16:40:30.000 -05:00 INF] Executing endpoint 'ApiIncidencias.Controllers.PaisController.Post (ApiIncidencias)'
[2023-09-01 16:40:30.001 -05:00 INF] Route matched with {action = "Post", controller = "Pais"}. Executing controller action with signature System.Threading.Tasks.Task`1[Microsoft.AspNetCore.Mvc.ActionResult`1[Dominio.Pais]] Post(ApiIncidencias.Dtos.PaisDto) on controller ApiIncidencias.Controllers.PaisController (ApiIncidencias).
[2023-09-01 16:40:30.079 -05:00 INF] Executed action ApiIncidencias.Controllers.PaisController.Post (ApiIncidencias) in 78.3716ms
[2023-09-01 16:40:30.079 -05:00 INF] Executed endpoint 'ApiIncidencias.Controllers.PaisController.Post (ApiIncidencias)'
[2023-09-01 16:40:30.081 -05:00 ERR] Unable to track an entity of type 'Pais' because its primary key property 'Id' is null.
System.InvalidOperationException: Unable to track an entity of type 'Pais' because its primary key property 'Id' is null.
   at Microsoft.EntityFrameworkCore.ChangeTracking.Internal.NullableKeyIdentityMap`1.Add(InternalEntityEntry entry)
   at Microsoft.EntityFrameworkCore.ChangeTracking.Internal.StateManager.StartTracking(InternalEntityEntry entry)
   at Microsoft.EntityFrameworkCore.ChangeTracking.Internal.InternalEntityEntry.SetEntityState(EntityState oldState, EntityState newState, Boolean acceptChanges, Boolean modifyProperties)
   at Microsoft.EntityFrameworkCore.ChangeTracking.Internal.InternalEntityEntry.SetEntityState(EntityState entityState, Boolean acceptChanges, Boolean modifyProperties, Nullable`1 forceStateWhenUnknownKey, Nullable`1 fallbackState)
   at Microsoft.EntityFrameworkCore.ChangeTracking.Internal.EntityGraphAttacher.PaintAction(EntityEntryGraphNode`1 node)
   at Microsoft.EntityFrameworkCore.ChangeTracking.Internal.EntityEntryGraphIterator.TraverseGraph[TState](EntityEntryGraphNode`1 node, Func`2 handleNode)
   at Microsoft.EntityFrameworkCore.ChangeTracking.Internal.EntityGraphAttacher.AttachGraph(InternalEntityEntry rootEntry, EntityState targetState, EntityState storeGeneratedWithKeySetTargetState, Boolean forceStateWhenUnknownKey)
   at Microsoft.EntityFrameworkCore.Internal.InternalDbSet`1.SetEntityState(InternalEntityEntry entry, EntityState entityState)
   at Microsoft.EntityFrameworkCore.Internal.InternalDbSet`1.Add(TEntity entity)
   at Aplicacion.Repository.GenericRepository`1.Add(T entity) in D:\NetCore\incidencias-app\Aplicacion\Repository\GenericRepository.cs:line 24
   at ApiIncidencias.Controllers.PaisController.Post(PaisDto paisDto) in D:\NetCore\incidencias-app\ApiIncidencias\Controllers\PaisController.cs:line 83
   at lambda_method17(Closure, Object)
   at Microsoft.AspNetCore.Mvc.Infrastructure.ActionMethodExecutor.AwaitableObjectResultExecutor.Execute(ActionContext actionContext, IActionResultTypeMapper mapper, ObjectMethodExecutor executor, Object controller, Object[] arguments)
   at Microsoft.AspNetCore.Mvc.Infrastructure.ControllerActionInvoker.<InvokeActionMethodAsync>g__Awaited|12_0(ControllerActionInvoker invoker, ValueTask`1 actionResultValueTask)
   at Microsoft.AspNetCore.Mvc.Infrastructure.ControllerActionInvoker.<InvokeNextActionFilterAsync>g__Awaited|10_0(ControllerActionInvoker invoker, Task lastTask, State next, Scope scope, Object state, Boolean isCompleted)
   at Microsoft.AspNetCore.Mvc.Infrastructure.ControllerActionInvoker.Rethrow(ActionExecutedContextSealed context)
   at Microsoft.AspNetCore.Mvc.Infrastructure.ControllerActionInvoker.Next(State& next, Scope& scope, Object& state, Boolean& isCompleted)
   at Microsoft.AspNetCore.Mvc.Infrastructure.ControllerActionInvoker.InvokeInnerFilterAsync()
--- End of stack trace from previous location ---
   at Microsoft.AspNetCore.Mvc.Infrastructure.ResourceInvoker.<InvokeFilterPipelineAsync>g__Awaited|20_0(ResourceInvoker invoker, Task lastTask, State next, Scope scope, Object state, Boolean isCompleted)
   at Microsoft.AspNetCore.Mvc.Infrastructure.ResourceInvoker.<InvokeAsync>g__Logged|17_1(ResourceInvoker invoker)
   at Microsoft.AspNetCore.Mvc.Infrastructure.ResourceInvoker.<InvokeAsync>g__Logged|17_1(ResourceInvoker invoker)
   at Microsoft.AspNetCore.Routing.EndpointMiddleware.<Invoke>g__AwaitRequestTask|6_0(Endpoint endpoint, Task requestTask, ILogger logger)
   at Microsoft.AspNetCore.Authorization.AuthorizationMiddleware.Invoke(HttpContext context)
   at Microsoft.AspNetCore.Authentication.AuthenticationMiddleware.Invoke(HttpContext context)
   at AspNetCoreRateLimit.RateLimitMiddleware`1.Invoke(HttpContext context) in C:\Users\User\Documents\Github\AspNetCoreRateLimit\src\AspNetCoreRateLimit\Middleware\RateLimitMiddleware.cs:line 124
   at Swashbuckle.AspNetCore.SwaggerUI.SwaggerUIMiddleware.Invoke(HttpContext httpContext)
   at Swashbuckle.AspNetCore.Swagger.SwaggerMiddleware.Invoke(HttpContext httpContext, ISwaggerProvider swaggerProvider)
   at Microsoft.AspNetCore.Diagnostics.StatusCodePagesMiddleware.Invoke(HttpContext context)
   at ApiIncidencias.Helpers.Errors.ExceptionMiddleware.InvokeAsync(HttpContext context) in D:\NetCore\incidencias-app\ApiIncidencias\Helpers\Errors\ExceptionMiddleware.cs:line 28
[2023-09-01 16:40:30.083 -05:00 INF] Request finished HTTP/1.1 POST http://localhost:5255/api/incidencias/Pais?ver=1.0 application/json 56 - 500 - application/json 95.4714ms
[2023-09-01 16:40:41.221 -05:00 INF] Request starting HTTP/1.1 POST http://localhost:5255/api/incidencias/Pais?ver=1.1 application/json 56
[2023-09-01 16:40:41.227 -05:00 INF] Executing endpoint 'ApiIncidencias.Controllers.PaisController.Post (ApiIncidencias)'
[2023-09-01 16:40:41.227 -05:00 INF] Route matched with {action = "Post", controller = "Pais"}. Executing controller action with signature System.Threading.Tasks.Task`1[Microsoft.AspNetCore.Mvc.ActionResult`1[Dominio.Pais]] Post(ApiIncidencias.Dtos.PaisDto) on controller ApiIncidencias.Controllers.PaisController (ApiIncidencias).
[2023-09-01 16:40:41.232 -05:00 INF] Executed action ApiIncidencias.Controllers.PaisController.Post (ApiIncidencias) in 3.9331ms
[2023-09-01 16:40:41.232 -05:00 INF] Executed endpoint 'ApiIncidencias.Controllers.PaisController.Post (ApiIncidencias)'
[2023-09-01 16:40:41.234 -05:00 ERR] Unable to track an entity of type 'Pais' because its primary key property 'Id' is null.
System.InvalidOperationException: Unable to track an entity of type 'Pais' because its primary key property 'Id' is null.
   at Microsoft.EntityFrameworkCore.ChangeTracking.Internal.NullableKeyIdentityMap`1.Add(InternalEntityEntry entry)
   at Microsoft.EntityFrameworkCore.ChangeTracking.Internal.StateManager.StartTracking(InternalEntityEntry entry)
   at Microsoft.EntityFrameworkCore.ChangeTracking.Internal.InternalEntityEntry.SetEntityState(EntityState oldState, EntityState newState, Boolean acceptChanges, Boolean modifyProperties)
   at Microsoft.EntityFrameworkCore.ChangeTracking.Internal.InternalEntityEntry.SetEntityState(EntityState entityState, Boolean acceptChanges, Boolean modifyProperties, Nullable`1 forceStateWhenUnknownKey, Nullable`1 fallbackState)
   at Microsoft.EntityFrameworkCore.ChangeTracking.Internal.EntityGraphAttacher.PaintAction(EntityEntryGraphNode`1 node)
   at Microsoft.EntityFrameworkCore.ChangeTracking.Internal.EntityEntryGraphIterator.TraverseGraph[TState](EntityEntryGraphNode`1 node, Func`2 handleNode)
   at Microsoft.EntityFrameworkCore.ChangeTracking.Internal.EntityGraphAttacher.AttachGraph(InternalEntityEntry rootEntry, EntityState targetState, EntityState storeGeneratedWithKeySetTargetState, Boolean forceStateWhenUnknownKey)
   at Microsoft.EntityFrameworkCore.Internal.InternalDbSet`1.SetEntityState(InternalEntityEntry entry, EntityState entityState)
   at Microsoft.EntityFrameworkCore.Internal.InternalDbSet`1.Add(TEntity entity)
   at Aplicacion.Repository.GenericRepository`1.Add(T entity) in D:\NetCore\incidencias-app\Aplicacion\Repository\GenericRepository.cs:line 24
   at ApiIncidencias.Controllers.PaisController.Post(PaisDto paisDto) in D:\NetCore\incidencias-app\ApiIncidencias\Controllers\PaisController.cs:line 83
   at lambda_method17(Closure, Object)
   at Microsoft.AspNetCore.Mvc.Infrastructure.ActionMethodExecutor.AwaitableObjectResultExecutor.Execute(ActionContext actionContext, IActionResultTypeMapper mapper, ObjectMethodExecutor executor, Object controller, Object[] arguments)
   at Microsoft.AspNetCore.Mvc.Infrastructure.ControllerActionInvoker.<InvokeActionMethodAsync>g__Awaited|12_0(ControllerActionInvoker invoker, ValueTask`1 actionResultValueTask)
   at Microsoft.AspNetCore.Mvc.Infrastructure.ControllerActionInvoker.<InvokeNextActionFilterAsync>g__Awaited|10_0(ControllerActionInvoker invoker, Task lastTask, State next, Scope scope, Object state, Boolean isCompleted)
   at Microsoft.AspNetCore.Mvc.Infrastructure.ControllerActionInvoker.Rethrow(ActionExecutedContextSealed context)
   at Microsoft.AspNetCore.Mvc.Infrastructure.ControllerActionInvoker.Next(State& next, Scope& scope, Object& state, Boolean& isCompleted)
   at Microsoft.AspNetCore.Mvc.Infrastructure.ControllerActionInvoker.InvokeInnerFilterAsync()
--- End of stack trace from previous location ---
   at Microsoft.AspNetCore.Mvc.Infrastructure.ResourceInvoker.<InvokeFilterPipelineAsync>g__Awaited|20_0(ResourceInvoker invoker, Task lastTask, State next, Scope scope, Object state, Boolean isCompleted)
   at Microsoft.AspNetCore.Mvc.Infrastructure.ResourceInvoker.<InvokeAsync>g__Logged|17_1(ResourceInvoker invoker)
   at Microsoft.AspNetCore.Mvc.Infrastructure.ResourceInvoker.<InvokeAsync>g__Logged|17_1(ResourceInvoker invoker)
   at Microsoft.AspNetCore.Routing.EndpointMiddleware.<Invoke>g__AwaitRequestTask|6_0(Endpoint endpoint, Task requestTask, ILogger logger)
   at Microsoft.AspNetCore.Authorization.AuthorizationMiddleware.Invoke(HttpContext context)
   at Microsoft.AspNetCore.Authentication.AuthenticationMiddleware.Invoke(HttpContext context)
   at AspNetCoreRateLimit.RateLimitMiddleware`1.Invoke(HttpContext context) in C:\Users\User\Documents\Github\AspNetCoreRateLimit\src\AspNetCoreRateLimit\Middleware\RateLimitMiddleware.cs:line 124
   at Swashbuckle.AspNetCore.SwaggerUI.SwaggerUIMiddleware.Invoke(HttpContext httpContext)
   at Swashbuckle.AspNetCore.Swagger.SwaggerMiddleware.Invoke(HttpContext httpContext, ISwaggerProvider swaggerProvider)
   at Microsoft.AspNetCore.Diagnostics.StatusCodePagesMiddleware.Invoke(HttpContext context)
   at ApiIncidencias.Helpers.Errors.ExceptionMiddleware.InvokeAsync(HttpContext context) in D:\NetCore\incidencias-app\ApiIncidencias\Helpers\Errors\ExceptionMiddleware.cs:line 28
[2023-09-01 16:40:41.237 -05:00 INF] Request finished HTTP/1.1 POST http://localhost:5255/api/incidencias/Pais?ver=1.1 application/json 56 - 500 - application/json 15.8967ms
[2023-09-01 16:42:06.766 -05:00 INF] Request starting HTTP/1.1 GET http://localhost:5255/api/incidencias/Pais - -
[2023-09-01 16:42:06.902 -05:00 INF] Executing endpoint 'ApiIncidencias.Controllers.PaisController.Get (ApiIncidencias)'
[2023-09-01 16:42:06.905 -05:00 INF] Route matched with {action = "Get", controller = "Pais"}. Executing controller action with signature System.Threading.Tasks.Task`1[Microsoft.AspNetCore.Mvc.ActionResult`1[System.Collections.Generic.IEnumerable`1[ApiIncidencias.Dtos.PaisDto]]] Get() on controller ApiIncidencias.Controllers.PaisController (ApiIncidencias).
[2023-09-01 16:42:07.241 -05:00 INF] Executed DbCommand (2ms) [Parameters=[], CommandType='"Text"', CommandTimeout='30']
SELECT `p`.`Id`, `p`.`NombrePais`, `d`.`Id`, `d`.`IdPaisFk`, `d`.`NombreDep`
FROM `pais` AS `p`
LEFT JOIN `departamento` AS `d` ON `p`.`Id` = `d`.`IdPaisFk`
ORDER BY `p`.`Id`
[2023-09-01 16:42:07.321 -05:00 INF] Executing ObjectResult, writing value of type 'System.Collections.Generic.List`1[[ApiIncidencias.Dtos.PaisDto, ApiIncidencias, Version=1.0.0.0, Culture=neutral, PublicKeyToken=null]]'.
[2023-09-01 16:42:07.336 -05:00 INF] Executed action ApiIncidencias.Controllers.PaisController.Get (ApiIncidencias) in 430.6258ms
[2023-09-01 16:42:07.336 -05:00 INF] Executed endpoint 'ApiIncidencias.Controllers.PaisController.Get (ApiIncidencias)'
[2023-09-01 16:42:07.338 -05:00 INF] Request finished HTTP/1.1 GET http://localhost:5255/api/incidencias/Pais - - - 200 - application/json;+charset=utf-8 572.8817ms
[2023-09-01 16:42:29.649 -05:00 INF] Request starting HTTP/1.1 GET http://localhost:5255/api/incidencias/Pais?ver=1.1 - -
[2023-09-01 16:42:29.663 -05:00 INF] Multiple candidate actions were found, but none matched the requested service API version '1.1'. Candidate actions: ApiIncidencias.Controllers.PaisController.Get (ApiIncidencias)
[2023-09-01 16:42:29.667 -05:00 INF] Executing endpoint 'Microsoft.AspNetCore.Http.Endpoint'
[2023-09-01 16:42:29.669 -05:00 INF] Executing ObjectResult, writing value of type '<>f__AnonymousType0`1[[<>f__AnonymousType1`3[[System.String, System.Private.CoreLib, Version=7.0.0.0, Culture=neutral, PublicKeyToken=7cec85d7bea7798e],[System.String, System.Private.CoreLib, Version=7.0.0.0, Culture=neutral, PublicKeyToken=7cec85d7bea7798e],[<>f__AnonymousType2`1[[System.String, System.Private.CoreLib, Version=7.0.0.0, Culture=neutral, PublicKeyToken=7cec85d7bea7798e]], Microsoft.AspNetCore.Mvc.Versioning, Version=5.1.0.0, Culture=neutral, PublicKeyToken=adb9793829ddae60]], Microsoft.AspNetCore.Mvc.Versioning, Version=5.1.0.0, Culture=neutral, PublicKeyToken=adb9793829ddae60]]'.
[2023-09-01 16:42:29.671 -05:00 INF] Executed endpoint 'Microsoft.AspNetCore.Http.Endpoint'
[2023-09-01 16:42:29.671 -05:00 INF] Request finished HTTP/1.1 GET http://localhost:5255/api/incidencias/Pais?ver=1.1 - - - 405 - application/json;+charset=utf-8 21.9544ms
[2023-09-01 16:43:18.366 -05:00 INF] Request starting HTTP/1.1 GET http://localhost:5255/api/incidencias/Pais?ver=1.1 - -
[2023-09-01 16:43:18.367 -05:00 INF] Multiple candidate actions were found, but none matched the requested service API version '1.1'. Candidate actions: ApiIncidencias.Controllers.PaisController.Get (ApiIncidencias)
[2023-09-01 16:43:18.368 -05:00 INF] Executing endpoint 'Microsoft.AspNetCore.Http.Endpoint'
[2023-09-01 16:43:18.368 -05:00 INF] Executing ObjectResult, writing value of type '<>f__AnonymousType0`1[[<>f__AnonymousType1`3[[System.String, System.Private.CoreLib, Version=7.0.0.0, Culture=neutral, PublicKeyToken=7cec85d7bea7798e],[System.String, System.Private.CoreLib, Version=7.0.0.0, Culture=neutral, PublicKeyToken=7cec85d7bea7798e],[<>f__AnonymousType2`1[[System.String, System.Private.CoreLib, Version=7.0.0.0, Culture=neutral, PublicKeyToken=7cec85d7bea7798e]], Microsoft.AspNetCore.Mvc.Versioning, Version=5.1.0.0, Culture=neutral, PublicKeyToken=adb9793829ddae60]], Microsoft.AspNetCore.Mvc.Versioning, Version=5.1.0.0, Culture=neutral, PublicKeyToken=adb9793829ddae60]]'.
[2023-09-01 16:43:18.368 -05:00 INF] Executed endpoint 'Microsoft.AspNetCore.Http.Endpoint'
[2023-09-01 16:43:18.369 -05:00 INF] Request finished HTTP/1.1 GET http://localhost:5255/api/incidencias/Pais?ver=1.1 - - - 405 - application/json;+charset=utf-8 2.3560ms
[2023-09-01 16:43:24.132 -05:00 INF] Request starting HTTP/1.1 GET http://localhost:5255/api/incidencias/Pais - -
[2023-09-01 16:43:24.134 -05:00 INF] Executing endpoint 'ApiIncidencias.Controllers.PaisController.Get (ApiIncidencias)'
[2023-09-01 16:43:24.134 -05:00 INF] Route matched with {action = "Get", controller = "Pais"}. Executing controller action with signature System.Threading.Tasks.Task`1[Microsoft.AspNetCore.Mvc.ActionResult`1[System.Collections.Generic.IEnumerable`1[ApiIncidencias.Dtos.PaisDto]]] Get() on controller ApiIncidencias.Controllers.PaisController (ApiIncidencias).
[2023-09-01 16:43:24.147 -05:00 INF] Executed DbCommand (1ms) [Parameters=[], CommandType='"Text"', CommandTimeout='30']
SELECT `p`.`Id`, `p`.`NombrePais`, `d`.`Id`, `d`.`IdPaisFk`, `d`.`NombreDep`
FROM `pais` AS `p`
LEFT JOIN `departamento` AS `d` ON `p`.`Id` = `d`.`IdPaisFk`
ORDER BY `p`.`Id`
[2023-09-01 16:43:24.148 -05:00 INF] Executing ObjectResult, writing value of type 'System.Collections.Generic.List`1[[ApiIncidencias.Dtos.PaisDto, ApiIncidencias, Version=1.0.0.0, Culture=neutral, PublicKeyToken=null]]'.
[2023-09-01 16:43:24.148 -05:00 INF] Executed action ApiIncidencias.Controllers.PaisController.Get (ApiIncidencias) in 13.8294ms
[2023-09-01 16:43:24.148 -05:00 INF] Executed endpoint 'ApiIncidencias.Controllers.PaisController.Get (ApiIncidencias)'
[2023-09-01 16:43:24.149 -05:00 INF] Request finished HTTP/1.1 GET http://localhost:5255/api/incidencias/Pais - - - 200 - application/json;+charset=utf-8 16.4369ms
[2023-09-01 16:44:02.052 -05:00 INF] Request starting HTTP/1.1 GET http://localhost:5255/api/incidencias/Pais - -
[2023-09-01 16:44:02.052 -05:00 INF] Multiple candidate actions were found, but none matched the requested service API version '1.1'. Candidate actions: ApiIncidencias.Controllers.PaisController.Get (ApiIncidencias)
[2023-09-01 16:44:02.052 -05:00 INF] Executing endpoint 'Microsoft.AspNetCore.Http.Endpoint'
[2023-09-01 16:44:02.053 -05:00 INF] Executing ObjectResult, writing value of type '<>f__AnonymousType0`1[[<>f__AnonymousType1`3[[System.String, System.Private.CoreLib, Version=7.0.0.0, Culture=neutral, PublicKeyToken=7cec85d7bea7798e],[System.String, System.Private.CoreLib, Version=7.0.0.0, Culture=neutral, PublicKeyToken=7cec85d7bea7798e],[<>f__AnonymousType2`1[[System.String, System.Private.CoreLib, Version=7.0.0.0, Culture=neutral, PublicKeyToken=7cec85d7bea7798e]], Microsoft.AspNetCore.Mvc.Versioning, Version=5.1.0.0, Culture=neutral, PublicKeyToken=adb9793829ddae60]], Microsoft.AspNetCore.Mvc.Versioning, Version=5.1.0.0, Culture=neutral, PublicKeyToken=adb9793829ddae60]]'.
[2023-09-01 16:44:02.053 -05:00 INF] Executed endpoint 'Microsoft.AspNetCore.Http.Endpoint'
[2023-09-01 16:44:02.053 -05:00 INF] Request finished HTTP/1.1 GET http://localhost:5255/api/incidencias/Pais - - - 405 - application/json;+charset=utf-8 1.0819ms
[2023-09-01 16:44:52.441 -05:00 INF] Request starting HTTP/1.1 GET http://localhost:5255/api/incidencias/verpais - -
[2023-09-01 16:44:52.448 -05:00 INF] Multiple candidate actions were found, but none matched the requested service API version '1.1'. Candidate actions: API.Controllers.ErrorsController.Error (ApiIncidencias)
[2023-09-01 16:44:52.449 -05:00 INF] Executing endpoint 'Microsoft.AspNetCore.Http.Endpoint'
[2023-09-01 16:44:52.449 -05:00 INF] Executing ObjectResult, writing value of type '<>f__AnonymousType0`1[[<>f__AnonymousType1`3[[System.String, System.Private.CoreLib, Version=7.0.0.0, Culture=neutral, PublicKeyToken=7cec85d7bea7798e],[System.String, System.Private.CoreLib, Version=7.0.0.0, Culture=neutral, PublicKeyToken=7cec85d7bea7798e],[<>f__AnonymousType2`1[[System.String, System.Private.CoreLib, Version=7.0.0.0, Culture=neutral, PublicKeyToken=7cec85d7bea7798e]], Microsoft.AspNetCore.Mvc.Versioning, Version=5.1.0.0, Culture=neutral, PublicKeyToken=adb9793829ddae60]], Microsoft.AspNetCore.Mvc.Versioning, Version=5.1.0.0, Culture=neutral, PublicKeyToken=adb9793829ddae60]]'.
[2023-09-01 16:44:52.449 -05:00 INF] Executed endpoint 'Microsoft.AspNetCore.Http.Endpoint'
[2023-09-01 16:44:52.450 -05:00 INF] Request finished HTTP/1.1 GET http://localhost:5255/api/incidencias/verpais - - - 400 - application/json;+charset=utf-8 9.0589ms
[2023-09-01 16:45:10.652 -05:00 INF] Request starting HTTP/1.1 GET http://localhost:5255/api/incidencias/Pais/verpais - -
[2023-09-01 16:45:10.652 -05:00 INF] Executing endpoint 'ApiIncidencias.Controllers.PaisController.Get11 (ApiIncidencias)'
[2023-09-01 16:45:10.663 -05:00 INF] Route matched with {action = "Get11", controller = "Pais"}. Executing controller action with signature System.Threading.Tasks.Task`1[Microsoft.AspNetCore.Mvc.ActionResult`1[ApiIncidencias.Helpers.Pager`1[ApiIncidencias.Dtos.PaisxDepDto]]] Get11(ApiIncidencias.Helpers.Params) on controller ApiIncidencias.Controllers.PaisController (ApiIncidencias).
[2023-09-01 16:45:10.717 -05:00 INF] Executed DbCommand (7ms) [Parameters=[], CommandType='"Text"', CommandTimeout='30']
SELECT COUNT(*)
FROM `pais` AS `p`
[2023-09-01 16:45:10.730 -05:00 WRN] The query uses a row limiting operator ('Skip'/'Take') without an 'OrderBy' operator. This may lead to unpredictable results. If the 'Distinct' operator is used after 'OrderBy', then make sure to use the 'OrderBy' operator after 'Distinct' as the ordering would otherwise get erased.
[2023-09-01 16:45:10.731 -05:00 WRN] The query uses a row limiting operator ('Skip'/'Take') without an 'OrderBy' operator. This may lead to unpredictable results. If the 'Distinct' operator is used after 'OrderBy', then make sure to use the 'OrderBy' operator after 'Distinct' as the ordering would otherwise get erased.
[2023-09-01 16:45:10.830 -05:00 INF] Executed DbCommand (55ms) [Parameters=[@__p_1='?' (DbType = Int32), @__p_0='?' (DbType = Int32)], CommandType='"Text"', CommandTimeout='30']
SELECT `t`.`Id`, `t`.`NombrePais`, `d`.`Id`, `d`.`IdPaisFk`, `d`.`NombreDep`
FROM (
    SELECT `p`.`Id`, `p`.`NombrePais`
    FROM `pais` AS `p`
    LIMIT @__p_1 OFFSET @__p_0
) AS `t`
LEFT JOIN `departamento` AS `d` ON `t`.`Id` = `d`.`IdPaisFk`
ORDER BY `t`.`Id`
[2023-09-01 16:45:10.836 -05:00 INF] Executing ObjectResult, writing value of type 'ApiIncidencias.Helpers.Pager`1[[ApiIncidencias.Dtos.PaisxDepDto, ApiIncidencias, Version=1.0.0.0, Culture=neutral, PublicKeyToken=null]]'.
[2023-09-01 16:45:10.850 -05:00 INF] Executed action ApiIncidencias.Controllers.PaisController.Get11 (ApiIncidencias) in 186.7006ms
[2023-09-01 16:45:10.850 -05:00 INF] Executed endpoint 'ApiIncidencias.Controllers.PaisController.Get11 (ApiIncidencias)'
[2023-09-01 16:45:10.851 -05:00 INF] Request finished HTTP/1.1 GET http://localhost:5255/api/incidencias/Pais/verpais - - - 200 - application/json;+charset=utf-8 199.0421ms
[2023-09-01 16:45:54.061 -05:00 INF] Request starting HTTP/1.1 GET http://localhost:5255/api/incidencias/Pais - -
[2023-09-01 16:45:54.061 -05:00 INF] Multiple candidate actions were found, but none matched the requested service API version '1.1'. Candidate actions: ApiIncidencias.Controllers.PaisController.Get (ApiIncidencias)
[2023-09-01 16:45:54.062 -05:00 INF] Executing endpoint 'Microsoft.AspNetCore.Http.Endpoint'
[2023-09-01 16:45:54.062 -05:00 INF] Executing ObjectResult, writing value of type '<>f__AnonymousType0`1[[<>f__AnonymousType1`3[[System.String, System.Private.CoreLib, Version=7.0.0.0, Culture=neutral, PublicKeyToken=7cec85d7bea7798e],[System.String, System.Private.CoreLib, Version=7.0.0.0, Culture=neutral, PublicKeyToken=7cec85d7bea7798e],[<>f__AnonymousType2`1[[System.String, System.Private.CoreLib, Version=7.0.0.0, Culture=neutral, PublicKeyToken=7cec85d7bea7798e]], Microsoft.AspNetCore.Mvc.Versioning, Version=5.1.0.0, Culture=neutral, PublicKeyToken=adb9793829ddae60]], Microsoft.AspNetCore.Mvc.Versioning, Version=5.1.0.0, Culture=neutral, PublicKeyToken=adb9793829ddae60]]'.
[2023-09-01 16:45:54.062 -05:00 INF] Executed endpoint 'Microsoft.AspNetCore.Http.Endpoint'
[2023-09-01 16:45:54.063 -05:00 INF] Request finished HTTP/1.1 GET http://localhost:5255/api/incidencias/Pais - - - 405 - application/json;+charset=utf-8 1.5132ms
[2023-09-01 16:46:05.298 -05:00 INF] Application is shutting down...
[2023-09-01 16:46:16.342 -05:00 INF] Executed DbCommand (16ms) [Parameters=[], CommandType='"Text"', CommandTimeout='30']
SELECT 1 FROM INFORMATION_SCHEMA.TABLES WHERE TABLE_SCHEMA='incidencias' AND TABLE_NAME='__EFMigrationsHistory';
[2023-09-01 16:46:16.400 -05:00 INF] Executed DbCommand (2ms) [Parameters=[], CommandType='"Text"', CommandTimeout='30']
SELECT 1 FROM INFORMATION_SCHEMA.TABLES WHERE TABLE_SCHEMA='incidencias' AND TABLE_NAME='__EFMigrationsHistory';
[2023-09-01 16:46:16.434 -05:00 INF] Executed DbCommand (3ms) [Parameters=[], CommandType='"Text"', CommandTimeout='30']
SELECT `MigrationId`, `ProductVersion`
FROM `__EFMigrationsHistory`
ORDER BY `MigrationId`;
[2023-09-01 16:46:16.454 -05:00 INF] No migrations were applied. The database is already up to date.
[2023-09-01 16:46:16.573 -05:00 INF] User profile is available. Using 'C:\Users\developer\AppData\Local\ASP.NET\DataProtection-Keys' as key repository and Windows DPAPI to encrypt keys at rest.
[2023-09-01 16:46:16.620 -05:00 INF] Now listening on: http://localhost:5255
[2023-09-01 16:46:16.622 -05:00 INF] Application started. Press Ctrl+C to shut down.
[2023-09-01 16:46:16.622 -05:00 INF] Hosting environment: Development
[2023-09-01 16:46:16.622 -05:00 INF] Content root path: D:\NetCore\incidencias-app\ApiIncidencias
[2023-09-01 16:46:23.102 -05:00 INF] Request starting HTTP/1.1 GET http://localhost:5255/api/incidencias/Pais - -
[2023-09-01 16:46:23.201 -05:00 WRN] Failed to determine the https port for redirect.
[2023-09-01 16:46:23.467 -05:00 INF] Executing endpoint 'ApiIncidencias.Controllers.PaisController.Get11 (ApiIncidencias)'
[2023-09-01 16:46:23.504 -05:00 INF] Route matched with {action = "Get11", controller = "Pais"}. Executing controller action with signature System.Threading.Tasks.Task`1[Microsoft.AspNetCore.Mvc.ActionResult`1[ApiIncidencias.Helpers.Pager`1[ApiIncidencias.Dtos.PaisxDepDto]]] Get11(ApiIncidencias.Helpers.Params) on controller ApiIncidencias.Controllers.PaisController (ApiIncidencias).
[2023-09-01 16:46:23.902 -05:00 INF] Executed DbCommand (2ms) [Parameters=[], CommandType='"Text"', CommandTimeout='30']
SELECT COUNT(*)
FROM `pais` AS `p`
[2023-09-01 16:46:23.954 -05:00 WRN] The query uses a row limiting operator ('Skip'/'Take') without an 'OrderBy' operator. This may lead to unpredictable results. If the 'Distinct' operator is used after 'OrderBy', then make sure to use the 'OrderBy' operator after 'Distinct' as the ordering would otherwise get erased.
[2023-09-01 16:46:23.955 -05:00 WRN] The query uses a row limiting operator ('Skip'/'Take') without an 'OrderBy' operator. This may lead to unpredictable results. If the 'Distinct' operator is used after 'OrderBy', then make sure to use the 'OrderBy' operator after 'Distinct' as the ordering would otherwise get erased.
[2023-09-01 16:46:24.169 -05:00 INF] Executed DbCommand (47ms) [Parameters=[@__p_1='?' (DbType = Int32), @__p_0='?' (DbType = Int32)], CommandType='"Text"', CommandTimeout='30']
SELECT `t`.`Id`, `t`.`NombrePais`, `d`.`Id`, `d`.`IdPaisFk`, `d`.`NombreDep`
FROM (
    SELECT `p`.`Id`, `p`.`NombrePais`
    FROM `pais` AS `p`
    LIMIT @__p_1 OFFSET @__p_0
) AS `t`
LEFT JOIN `departamento` AS `d` ON `t`.`Id` = `d`.`IdPaisFk`
ORDER BY `t`.`Id`
[2023-09-01 16:46:24.283 -05:00 INF] Executing ObjectResult, writing value of type 'ApiIncidencias.Helpers.Pager`1[[ApiIncidencias.Dtos.PaisxDepDto, ApiIncidencias, Version=1.0.0.0, Culture=neutral, PublicKeyToken=null]]'.
[2023-09-01 16:46:24.352 -05:00 INF] Executed action ApiIncidencias.Controllers.PaisController.Get11 (ApiIncidencias) in 843.5969ms
[2023-09-01 16:46:24.353 -05:00 INF] Executed endpoint 'ApiIncidencias.Controllers.PaisController.Get11 (ApiIncidencias)'
[2023-09-01 16:46:24.362 -05:00 INF] Request finished HTTP/1.1 GET http://localhost:5255/api/incidencias/Pais - - - 200 - application/json;+charset=utf-8 1260.3145ms
[2023-09-01 16:46:41.030 -05:00 INF] Request starting HTTP/1.1 GET http://localhost:5255/api/incidencias/Pais - -
[2023-09-01 16:46:41.048 -05:00 INF] Executing endpoint 'ApiIncidencias.Controllers.PaisController.Get (ApiIncidencias)'
[2023-09-01 16:46:41.053 -05:00 INF] Route matched with {action = "Get", controller = "Pais"}. Executing controller action with signature System.Threading.Tasks.Task`1[Microsoft.AspNetCore.Mvc.ActionResult`1[System.Collections.Generic.IEnumerable`1[ApiIncidencias.Dtos.PaisDto]]] Get() on controller ApiIncidencias.Controllers.PaisController (ApiIncidencias).
[2023-09-01 16:46:41.166 -05:00 INF] Executed DbCommand (1ms) [Parameters=[], CommandType='"Text"', CommandTimeout='30']
SELECT `p`.`Id`, `p`.`NombrePais`, `d`.`Id`, `d`.`IdPaisFk`, `d`.`NombreDep`
FROM `pais` AS `p`
LEFT JOIN `departamento` AS `d` ON `p`.`Id` = `d`.`IdPaisFk`
ORDER BY `p`.`Id`
[2023-09-01 16:46:41.171 -05:00 INF] Executing ObjectResult, writing value of type 'System.Collections.Generic.List`1[[ApiIncidencias.Dtos.PaisDto, ApiIncidencias, Version=1.0.0.0, Culture=neutral, PublicKeyToken=null]]'.
[2023-09-01 16:46:41.178 -05:00 INF] Executed action ApiIncidencias.Controllers.PaisController.Get (ApiIncidencias) in 124.4581ms
[2023-09-01 16:46:41.178 -05:00 INF] Executed endpoint 'ApiIncidencias.Controllers.PaisController.Get (ApiIncidencias)'
[2023-09-01 16:46:41.179 -05:00 INF] Request finished HTTP/1.1 GET http://localhost:5255/api/incidencias/Pais - - - 200 - application/json;+charset=utf-8 148.9314ms
[2023-09-01 16:46:49.720 -05:00 INF] Request starting HTTP/1.1 GET http://localhost:5255/api/incidencias/Pais - -
[2023-09-01 16:46:49.725 -05:00 INF] Executing endpoint 'ApiIncidencias.Controllers.PaisController.Get11 (ApiIncidencias)'
[2023-09-01 16:46:49.727 -05:00 INF] Route matched with {action = "Get11", controller = "Pais"}. Executing controller action with signature System.Threading.Tasks.Task`1[Microsoft.AspNetCore.Mvc.ActionResult`1[ApiIncidencias.Helpers.Pager`1[ApiIncidencias.Dtos.PaisxDepDto]]] Get11(ApiIncidencias.Helpers.Params) on controller ApiIncidencias.Controllers.PaisController (ApiIncidencias).
[2023-09-01 16:46:49.739 -05:00 INF] Executed DbCommand (2ms) [Parameters=[], CommandType='"Text"', CommandTimeout='30']
SELECT COUNT(*)
FROM `pais` AS `p`
[2023-09-01 16:46:49.747 -05:00 INF] Executed DbCommand (1ms) [Parameters=[@__p_1='?' (DbType = Int32), @__p_0='?' (DbType = Int32)], CommandType='"Text"', CommandTimeout='30']
SELECT `t`.`Id`, `t`.`NombrePais`, `d`.`Id`, `d`.`IdPaisFk`, `d`.`NombreDep`
FROM (
    SELECT `p`.`Id`, `p`.`NombrePais`
    FROM `pais` AS `p`
    LIMIT @__p_1 OFFSET @__p_0
) AS `t`
LEFT JOIN `departamento` AS `d` ON `t`.`Id` = `d`.`IdPaisFk`
ORDER BY `t`.`Id`
[2023-09-01 16:46:49.748 -05:00 INF] Executing ObjectResult, writing value of type 'ApiIncidencias.Helpers.Pager`1[[ApiIncidencias.Dtos.PaisxDepDto, ApiIncidencias, Version=1.0.0.0, Culture=neutral, PublicKeyToken=null]]'.
[2023-09-01 16:46:49.749 -05:00 INF] Executed action ApiIncidencias.Controllers.PaisController.Get11 (ApiIncidencias) in 21.4553ms
[2023-09-01 16:46:49.749 -05:00 INF] Executed endpoint 'ApiIncidencias.Controllers.PaisController.Get11 (ApiIncidencias)'
[2023-09-01 16:46:49.749 -05:00 INF] Request finished HTTP/1.1 GET http://localhost:5255/api/incidencias/Pais - - - 200 - application/json;+charset=utf-8 28.7062ms
[2023-09-01 16:47:47.085 -05:00 INF] Request starting HTTP/1.1 GET http://localhost:5255/api/incidencias/Pais - -
[2023-09-01 16:47:47.086 -05:00 INF] Executing endpoint 'ApiIncidencias.Controllers.PaisController.Get11 (ApiIncidencias)'
[2023-09-01 16:47:47.086 -05:00 INF] Route matched with {action = "Get11", controller = "Pais"}. Executing controller action with signature System.Threading.Tasks.Task`1[Microsoft.AspNetCore.Mvc.ActionResult`1[ApiIncidencias.Helpers.Pager`1[ApiIncidencias.Dtos.PaisxDepDto]]] Get11(ApiIncidencias.Helpers.Params) on controller ApiIncidencias.Controllers.PaisController (ApiIncidencias).
[2023-09-01 16:47:47.099 -05:00 INF] Executed DbCommand (2ms) [Parameters=[], CommandType='"Text"', CommandTimeout='30']
SELECT COUNT(*)
FROM `pais` AS `p`
[2023-09-01 16:47:47.102 -05:00 INF] Executed DbCommand (1ms) [Parameters=[@__p_1='?' (DbType = Int32), @__p_0='?' (DbType = Int32)], CommandType='"Text"', CommandTimeout='30']
SELECT `t`.`Id`, `t`.`NombrePais`, `d`.`Id`, `d`.`IdPaisFk`, `d`.`NombreDep`
FROM (
    SELECT `p`.`Id`, `p`.`NombrePais`
    FROM `pais` AS `p`
    LIMIT @__p_1 OFFSET @__p_0
) AS `t`
LEFT JOIN `departamento` AS `d` ON `t`.`Id` = `d`.`IdPaisFk`
ORDER BY `t`.`Id`
[2023-09-01 16:47:47.102 -05:00 INF] Executing ObjectResult, writing value of type 'ApiIncidencias.Helpers.Pager`1[[ApiIncidencias.Dtos.PaisxDepDto, ApiIncidencias, Version=1.0.0.0, Culture=neutral, PublicKeyToken=null]]'.
[2023-09-01 16:47:47.103 -05:00 INF] Executed action ApiIncidencias.Controllers.PaisController.Get11 (ApiIncidencias) in 16.2072ms
[2023-09-01 16:47:47.103 -05:00 INF] Executed endpoint 'ApiIncidencias.Controllers.PaisController.Get11 (ApiIncidencias)'
[2023-09-01 16:47:47.103 -05:00 INF] Request finished HTTP/1.1 GET http://localhost:5255/api/incidencias/Pais - - - 200 - application/json;+charset=utf-8 18.2959ms
[2023-09-01 16:48:18.089 -05:00 INF] Request starting HTTP/1.1 GET http://localhost:5255/api/incidencias/Pais - -
[2023-09-01 16:48:18.090 -05:00 INF] Executing endpoint 'ApiIncidencias.Controllers.PaisController.Get11 (ApiIncidencias)'
[2023-09-01 16:48:18.090 -05:00 INF] Route matched with {action = "Get11", controller = "Pais"}. Executing controller action with signature System.Threading.Tasks.Task`1[Microsoft.AspNetCore.Mvc.ActionResult`1[ApiIncidencias.Helpers.Pager`1[ApiIncidencias.Dtos.PaisxDepDto]]] Get11(ApiIncidencias.Helpers.Params) on controller ApiIncidencias.Controllers.PaisController (ApiIncidencias).
[2023-09-01 16:48:18.097 -05:00 INF] Executed DbCommand (2ms) [Parameters=[], CommandType='"Text"', CommandTimeout='30']
SELECT COUNT(*)
FROM `pais` AS `p`
[2023-09-01 16:48:18.099 -05:00 INF] Executed DbCommand (1ms) [Parameters=[@__p_1='?' (DbType = Int32), @__p_0='?' (DbType = Int32)], CommandType='"Text"', CommandTimeout='30']
SELECT `t`.`Id`, `t`.`NombrePais`, `d`.`Id`, `d`.`IdPaisFk`, `d`.`NombreDep`
FROM (
    SELECT `p`.`Id`, `p`.`NombrePais`
    FROM `pais` AS `p`
    LIMIT @__p_1 OFFSET @__p_0
) AS `t`
LEFT JOIN `departamento` AS `d` ON `t`.`Id` = `d`.`IdPaisFk`
ORDER BY `t`.`Id`
[2023-09-01 16:48:18.100 -05:00 INF] Executing ObjectResult, writing value of type 'ApiIncidencias.Helpers.Pager`1[[ApiIncidencias.Dtos.PaisxDepDto, ApiIncidencias, Version=1.0.0.0, Culture=neutral, PublicKeyToken=null]]'.
[2023-09-01 16:48:18.101 -05:00 INF] Executed action ApiIncidencias.Controllers.PaisController.Get11 (ApiIncidencias) in 10.7462ms
[2023-09-01 16:48:18.101 -05:00 INF] Executed endpoint 'ApiIncidencias.Controllers.PaisController.Get11 (ApiIncidencias)'
[2023-09-01 16:48:18.101 -05:00 INF] Request finished HTTP/1.1 GET http://localhost:5255/api/incidencias/Pais - - - 200 - application/json;+charset=utf-8 12.4045ms
[2023-09-01 16:48:39.538 -05:00 INF] Request starting HTTP/1.1 GET http://localhost:5255/api/incidencias/Pais - -
[2023-09-01 16:48:39.539 -05:00 INF] Executing endpoint 'ApiIncidencias.Controllers.PaisController.Get11 (ApiIncidencias)'
[2023-09-01 16:48:39.540 -05:00 INF] Route matched with {action = "Get11", controller = "Pais"}. Executing controller action with signature System.Threading.Tasks.Task`1[Microsoft.AspNetCore.Mvc.ActionResult`1[ApiIncidencias.Helpers.Pager`1[ApiIncidencias.Dtos.PaisxDepDto]]] Get11(ApiIncidencias.Helpers.Params) on controller ApiIncidencias.Controllers.PaisController (ApiIncidencias).
[2023-09-01 16:48:39.545 -05:00 INF] Executed DbCommand (2ms) [Parameters=[], CommandType='"Text"', CommandTimeout='30']
SELECT COUNT(*)
FROM `pais` AS `p`
[2023-09-01 16:48:39.548 -05:00 INF] Executed DbCommand (1ms) [Parameters=[@__p_1='?' (DbType = Int32), @__p_0='?' (DbType = Int32)], CommandType='"Text"', CommandTimeout='30']
SELECT `t`.`Id`, `t`.`NombrePais`, `d`.`Id`, `d`.`IdPaisFk`, `d`.`NombreDep`
FROM (
    SELECT `p`.`Id`, `p`.`NombrePais`
    FROM `pais` AS `p`
    LIMIT @__p_1 OFFSET @__p_0
) AS `t`
LEFT JOIN `departamento` AS `d` ON `t`.`Id` = `d`.`IdPaisFk`
ORDER BY `t`.`Id`
[2023-09-01 16:48:39.549 -05:00 INF] Executing ObjectResult, writing value of type 'ApiIncidencias.Helpers.Pager`1[[ApiIncidencias.Dtos.PaisxDepDto, ApiIncidencias, Version=1.0.0.0, Culture=neutral, PublicKeyToken=null]]'.
[2023-09-01 16:48:39.549 -05:00 INF] Executed action ApiIncidencias.Controllers.PaisController.Get11 (ApiIncidencias) in 9.4362ms
[2023-09-01 16:48:39.549 -05:00 INF] Executed endpoint 'ApiIncidencias.Controllers.PaisController.Get11 (ApiIncidencias)'
[2023-09-01 16:48:39.549 -05:00 INF] Request finished HTTP/1.1 GET http://localhost:5255/api/incidencias/Pais - - - 200 - application/json;+charset=utf-8 11.0381ms
[2023-09-01 16:48:40.706 -05:00 INF] Request starting HTTP/1.1 GET http://localhost:5255/api/incidencias/Pais - -
[2023-09-01 16:48:40.707 -05:00 INF] Executing endpoint 'ApiIncidencias.Controllers.PaisController.Get11 (ApiIncidencias)'
[2023-09-01 16:48:40.708 -05:00 INF] Route matched with {action = "Get11", controller = "Pais"}. Executing controller action with signature System.Threading.Tasks.Task`1[Microsoft.AspNetCore.Mvc.ActionResult`1[ApiIncidencias.Helpers.Pager`1[ApiIncidencias.Dtos.PaisxDepDto]]] Get11(ApiIncidencias.Helpers.Params) on controller ApiIncidencias.Controllers.PaisController (ApiIncidencias).
[2023-09-01 16:48:40.713 -05:00 INF] Executed DbCommand (2ms) [Parameters=[], CommandType='"Text"', CommandTimeout='30']
SELECT COUNT(*)
FROM `pais` AS `p`
[2023-09-01 16:48:40.715 -05:00 INF] Executed DbCommand (1ms) [Parameters=[@__p_1='?' (DbType = Int32), @__p_0='?' (DbType = Int32)], CommandType='"Text"', CommandTimeout='30']
SELECT `t`.`Id`, `t`.`NombrePais`, `d`.`Id`, `d`.`IdPaisFk`, `d`.`NombreDep`
FROM (
    SELECT `p`.`Id`, `p`.`NombrePais`
    FROM `pais` AS `p`
    LIMIT @__p_1 OFFSET @__p_0
) AS `t`
LEFT JOIN `departamento` AS `d` ON `t`.`Id` = `d`.`IdPaisFk`
ORDER BY `t`.`Id`
[2023-09-01 16:48:40.716 -05:00 INF] Executing ObjectResult, writing value of type 'ApiIncidencias.Helpers.Pager`1[[ApiIncidencias.Dtos.PaisxDepDto, ApiIncidencias, Version=1.0.0.0, Culture=neutral, PublicKeyToken=null]]'.
[2023-09-01 16:48:40.716 -05:00 INF] Executed action ApiIncidencias.Controllers.PaisController.Get11 (ApiIncidencias) in 7.7779ms
[2023-09-01 16:48:40.716 -05:00 INF] Executed endpoint 'ApiIncidencias.Controllers.PaisController.Get11 (ApiIncidencias)'
[2023-09-01 16:48:40.716 -05:00 INF] Request finished HTTP/1.1 GET http://localhost:5255/api/incidencias/Pais - - - 200 - application/json;+charset=utf-8 10.2382ms
[2023-09-01 16:48:50.902 -05:00 INF] Request starting HTTP/1.1 GET http://localhost:5255/api/incidencias/Pais - -
[2023-09-01 16:48:50.905 -05:00 INF] Executing endpoint 'ApiIncidencias.Controllers.PaisController.Get11 (ApiIncidencias)'
[2023-09-01 16:48:50.905 -05:00 INF] Route matched with {action = "Get11", controller = "Pais"}. Executing controller action with signature System.Threading.Tasks.Task`1[Microsoft.AspNetCore.Mvc.ActionResult`1[ApiIncidencias.Helpers.Pager`1[ApiIncidencias.Dtos.PaisxDepDto]]] Get11(ApiIncidencias.Helpers.Params) on controller ApiIncidencias.Controllers.PaisController (ApiIncidencias).
[2023-09-01 16:48:50.912 -05:00 INF] Executed DbCommand (4ms) [Parameters=[], CommandType='"Text"', CommandTimeout='30']
SELECT COUNT(*)
FROM `pais` AS `p`
[2023-09-01 16:48:50.914 -05:00 INF] Executed DbCommand (1ms) [Parameters=[@__p_1='?' (DbType = Int32), @__p_0='?' (DbType = Int32)], CommandType='"Text"', CommandTimeout='30']
SELECT `t`.`Id`, `t`.`NombrePais`, `d`.`Id`, `d`.`IdPaisFk`, `d`.`NombreDep`
FROM (
    SELECT `p`.`Id`, `p`.`NombrePais`
    FROM `pais` AS `p`
    LIMIT @__p_1 OFFSET @__p_0
) AS `t`
LEFT JOIN `departamento` AS `d` ON `t`.`Id` = `d`.`IdPaisFk`
ORDER BY `t`.`Id`
[2023-09-01 16:48:50.915 -05:00 INF] Executing ObjectResult, writing value of type 'ApiIncidencias.Helpers.Pager`1[[ApiIncidencias.Dtos.PaisxDepDto, ApiIncidencias, Version=1.0.0.0, Culture=neutral, PublicKeyToken=null]]'.
[2023-09-01 16:48:50.915 -05:00 INF] Executed action ApiIncidencias.Controllers.PaisController.Get11 (ApiIncidencias) in 10.1524ms
[2023-09-01 16:48:50.915 -05:00 INF] Executed endpoint 'ApiIncidencias.Controllers.PaisController.Get11 (ApiIncidencias)'
[2023-09-01 16:48:50.915 -05:00 INF] Request finished HTTP/1.1 GET http://localhost:5255/api/incidencias/Pais - - - 200 - application/json;+charset=utf-8 13.4372ms
[2023-09-01 16:48:52.866 -05:00 INF] Request starting HTTP/1.1 GET http://localhost:5255/api/incidencias/Pais - -
[2023-09-01 16:48:52.866 -05:00 INF] Executing endpoint 'ApiIncidencias.Controllers.PaisController.Get11 (ApiIncidencias)'
[2023-09-01 16:48:52.867 -05:00 INF] Route matched with {action = "Get11", controller = "Pais"}. Executing controller action with signature System.Threading.Tasks.Task`1[Microsoft.AspNetCore.Mvc.ActionResult`1[ApiIncidencias.Helpers.Pager`1[ApiIncidencias.Dtos.PaisxDepDto]]] Get11(ApiIncidencias.Helpers.Params) on controller ApiIncidencias.Controllers.PaisController (ApiIncidencias).
[2023-09-01 16:48:52.871 -05:00 INF] Executed DbCommand (1ms) [Parameters=[], CommandType='"Text"', CommandTimeout='30']
SELECT COUNT(*)
FROM `pais` AS `p`
[2023-09-01 16:48:52.872 -05:00 INF] Executed DbCommand (1ms) [Parameters=[@__p_1='?' (DbType = Int32), @__p_0='?' (DbType = Int32)], CommandType='"Text"', CommandTimeout='30']
SELECT `t`.`Id`, `t`.`NombrePais`, `d`.`Id`, `d`.`IdPaisFk`, `d`.`NombreDep`
FROM (
    SELECT `p`.`Id`, `p`.`NombrePais`
    FROM `pais` AS `p`
    LIMIT @__p_1 OFFSET @__p_0
) AS `t`
LEFT JOIN `departamento` AS `d` ON `t`.`Id` = `d`.`IdPaisFk`
ORDER BY `t`.`Id`
[2023-09-01 16:48:52.873 -05:00 INF] Executing ObjectResult, writing value of type 'ApiIncidencias.Helpers.Pager`1[[ApiIncidencias.Dtos.PaisxDepDto, ApiIncidencias, Version=1.0.0.0, Culture=neutral, PublicKeyToken=null]]'.
[2023-09-01 16:48:52.873 -05:00 INF] Executed action ApiIncidencias.Controllers.PaisController.Get11 (ApiIncidencias) in 6.6819ms
[2023-09-01 16:48:52.873 -05:00 INF] Executed endpoint 'ApiIncidencias.Controllers.PaisController.Get11 (ApiIncidencias)'
[2023-09-01 16:48:52.874 -05:00 INF] Request finished HTTP/1.1 GET http://localhost:5255/api/incidencias/Pais - - - 200 - application/json;+charset=utf-8 7.8937ms
[2023-09-01 16:48:53.855 -05:00 INF] Request starting HTTP/1.1 GET http://localhost:5255/api/incidencias/Pais - -
[2023-09-01 16:48:53.857 -05:00 INF] Request get:/api/incidencias/pais from IP ::1 has been blocked, quota 2/10s exceeded by 1. Blocked by rule *, TraceIdentifier 0HMTB6JH8KO6K:0000000A. MonitorMode: False
[2023-09-01 16:48:53.862 -05:00 INF] Request finished HTTP/1.1 GET http://localhost:5255/api/incidencias/Pais - - - 429 - text/plain 6.4474ms
[2023-09-01 16:49:11.850 -05:00 INF] Request starting HTTP/1.1 GET http://localhost:5255/api/incidencias/Pais - -
[2023-09-01 16:49:11.851 -05:00 INF] Executing endpoint 'ApiIncidencias.Controllers.PaisController.Get11 (ApiIncidencias)'
[2023-09-01 16:49:11.851 -05:00 INF] Route matched with {action = "Get11", controller = "Pais"}. Executing controller action with signature System.Threading.Tasks.Task`1[Microsoft.AspNetCore.Mvc.ActionResult`1[ApiIncidencias.Helpers.Pager`1[ApiIncidencias.Dtos.PaisxDepDto]]] Get11(ApiIncidencias.Helpers.Params) on controller ApiIncidencias.Controllers.PaisController (ApiIncidencias).
[2023-09-01 16:49:11.857 -05:00 INF] Executed DbCommand (2ms) [Parameters=[], CommandType='"Text"', CommandTimeout='30']
SELECT COUNT(*)
FROM `pais` AS `p`
[2023-09-01 16:49:11.863 -05:00 INF] Executed DbCommand (3ms) [Parameters=[@__p_1='?' (DbType = Int32), @__p_0='?' (DbType = Int32)], CommandType='"Text"', CommandTimeout='30']
SELECT `t`.`Id`, `t`.`NombrePais`, `d`.`Id`, `d`.`IdPaisFk`, `d`.`NombreDep`
FROM (
    SELECT `p`.`Id`, `p`.`NombrePais`
    FROM `pais` AS `p`
    LIMIT @__p_1 OFFSET @__p_0
) AS `t`
LEFT JOIN `departamento` AS `d` ON `t`.`Id` = `d`.`IdPaisFk`
ORDER BY `t`.`Id`
[2023-09-01 16:49:11.864 -05:00 INF] Executing ObjectResult, writing value of type 'ApiIncidencias.Helpers.Pager`1[[ApiIncidencias.Dtos.PaisxDepDto, ApiIncidencias, Version=1.0.0.0, Culture=neutral, PublicKeyToken=null]]'.
[2023-09-01 16:49:11.865 -05:00 INF] Executed action ApiIncidencias.Controllers.PaisController.Get11 (ApiIncidencias) in 13.4398ms
[2023-09-01 16:49:11.865 -05:00 INF] Executed endpoint 'ApiIncidencias.Controllers.PaisController.Get11 (ApiIncidencias)'
[2023-09-01 16:49:11.866 -05:00 INF] Request finished HTTP/1.1 GET http://localhost:5255/api/incidencias/Pais - - - 200 - application/json;+charset=utf-8 16.0266ms
[2023-09-01 16:49:19.328 -05:00 INF] Request starting HTTP/1.1 GET http://localhost:5255/api/incidencias/Pais - -
[2023-09-01 16:49:19.329 -05:00 INF] Executing endpoint 'ApiIncidencias.Controllers.PaisController.Get11 (ApiIncidencias)'
[2023-09-01 16:49:19.329 -05:00 INF] Route matched with {action = "Get11", controller = "Pais"}. Executing controller action with signature System.Threading.Tasks.Task`1[Microsoft.AspNetCore.Mvc.ActionResult`1[ApiIncidencias.Helpers.Pager`1[ApiIncidencias.Dtos.PaisxDepDto]]] Get11(ApiIncidencias.Helpers.Params) on controller ApiIncidencias.Controllers.PaisController (ApiIncidencias).
[2023-09-01 16:49:19.334 -05:00 INF] Executed DbCommand (2ms) [Parameters=[], CommandType='"Text"', CommandTimeout='30']
SELECT COUNT(*)
FROM `pais` AS `p`
[2023-09-01 16:49:19.337 -05:00 INF] Executed DbCommand (1ms) [Parameters=[@__p_1='?' (DbType = Int32), @__p_0='?' (DbType = Int32)], CommandType='"Text"', CommandTimeout='30']
SELECT `t`.`Id`, `t`.`NombrePais`, `d`.`Id`, `d`.`IdPaisFk`, `d`.`NombreDep`
FROM (
    SELECT `p`.`Id`, `p`.`NombrePais`
    FROM `pais` AS `p`
    LIMIT @__p_1 OFFSET @__p_0
) AS `t`
LEFT JOIN `departamento` AS `d` ON `t`.`Id` = `d`.`IdPaisFk`
ORDER BY `t`.`Id`
[2023-09-01 16:49:19.337 -05:00 INF] Executing ObjectResult, writing value of type 'ApiIncidencias.Helpers.Pager`1[[ApiIncidencias.Dtos.PaisxDepDto, ApiIncidencias, Version=1.0.0.0, Culture=neutral, PublicKeyToken=null]]'.
[2023-09-01 16:49:19.337 -05:00 INF] Executed action ApiIncidencias.Controllers.PaisController.Get11 (ApiIncidencias) in 8.0901ms
[2023-09-01 16:49:19.338 -05:00 INF] Executed endpoint 'ApiIncidencias.Controllers.PaisController.Get11 (ApiIncidencias)'
[2023-09-01 16:49:19.338 -05:00 INF] Request finished HTTP/1.1 GET http://localhost:5255/api/incidencias/Pais - - - 200 - application/json;+charset=utf-8 10.1762ms
[2023-09-01 16:49:22.763 -05:00 INF] Request starting HTTP/1.1 GET http://localhost:5255/api/incidencias/Pais - -
[2023-09-01 16:49:22.764 -05:00 INF] Executing endpoint 'ApiIncidencias.Controllers.PaisController.Get11 (ApiIncidencias)'
[2023-09-01 16:49:22.764 -05:00 INF] Route matched with {action = "Get11", controller = "Pais"}. Executing controller action with signature System.Threading.Tasks.Task`1[Microsoft.AspNetCore.Mvc.ActionResult`1[ApiIncidencias.Helpers.Pager`1[ApiIncidencias.Dtos.PaisxDepDto]]] Get11(ApiIncidencias.Helpers.Params) on controller ApiIncidencias.Controllers.PaisController (ApiIncidencias).
[2023-09-01 16:49:22.767 -05:00 INF] Executed DbCommand (1ms) [Parameters=[], CommandType='"Text"', CommandTimeout='30']
SELECT COUNT(*)
FROM `pais` AS `p`
[2023-09-01 16:49:22.768 -05:00 INF] Executed DbCommand (1ms) [Parameters=[@__p_1='?' (DbType = Int32), @__p_0='?' (DbType = Int32)], CommandType='"Text"', CommandTimeout='30']
SELECT `t`.`Id`, `t`.`NombrePais`, `d`.`Id`, `d`.`IdPaisFk`, `d`.`NombreDep`
FROM (
    SELECT `p`.`Id`, `p`.`NombrePais`
    FROM `pais` AS `p`
    LIMIT @__p_1 OFFSET @__p_0
) AS `t`
LEFT JOIN `departamento` AS `d` ON `t`.`Id` = `d`.`IdPaisFk`
ORDER BY `t`.`Id`
[2023-09-01 16:49:22.768 -05:00 INF] Executing ObjectResult, writing value of type 'ApiIncidencias.Helpers.Pager`1[[ApiIncidencias.Dtos.PaisxDepDto, ApiIncidencias, Version=1.0.0.0, Culture=neutral, PublicKeyToken=null]]'.
[2023-09-01 16:49:22.769 -05:00 INF] Executed action ApiIncidencias.Controllers.PaisController.Get11 (ApiIncidencias) in 4.8443ms
[2023-09-01 16:49:22.769 -05:00 INF] Executed endpoint 'ApiIncidencias.Controllers.PaisController.Get11 (ApiIncidencias)'
[2023-09-01 16:49:22.769 -05:00 INF] Request finished HTTP/1.1 GET http://localhost:5255/api/incidencias/Pais - - - 200 - application/json;+charset=utf-8 5.8230ms
[2023-09-01 16:49:25.768 -05:00 INF] Request starting HTTP/1.1 GET http://localhost:5255/api/incidencias/Pais - -
[2023-09-01 16:49:25.769 -05:00 INF] Executing endpoint 'ApiIncidencias.Controllers.PaisController.Get11 (ApiIncidencias)'
[2023-09-01 16:49:25.769 -05:00 INF] Route matched with {action = "Get11", controller = "Pais"}. Executing controller action with signature System.Threading.Tasks.Task`1[Microsoft.AspNetCore.Mvc.ActionResult`1[ApiIncidencias.Helpers.Pager`1[ApiIncidencias.Dtos.PaisxDepDto]]] Get11(ApiIncidencias.Helpers.Params) on controller ApiIncidencias.Controllers.PaisController (ApiIncidencias).
[2023-09-01 16:49:25.779 -05:00 INF] Executed DbCommand (7ms) [Parameters=[], CommandType='"Text"', CommandTimeout='30']
SELECT COUNT(*)
FROM `pais` AS `p`
[2023-09-01 16:49:25.781 -05:00 INF] Executed DbCommand (1ms) [Parameters=[@__p_1='?' (DbType = Int32), @__p_0='?' (DbType = Int32)], CommandType='"Text"', CommandTimeout='30']
SELECT `t`.`Id`, `t`.`NombrePais`, `d`.`Id`, `d`.`IdPaisFk`, `d`.`NombreDep`
FROM (
    SELECT `p`.`Id`, `p`.`NombrePais`
    FROM `pais` AS `p`
    LIMIT @__p_1 OFFSET @__p_0
) AS `t`
LEFT JOIN `departamento` AS `d` ON `t`.`Id` = `d`.`IdPaisFk`
ORDER BY `t`.`Id`
[2023-09-01 16:49:25.781 -05:00 INF] Executing ObjectResult, writing value of type 'ApiIncidencias.Helpers.Pager`1[[ApiIncidencias.Dtos.PaisxDepDto, ApiIncidencias, Version=1.0.0.0, Culture=neutral, PublicKeyToken=null]]'.
[2023-09-01 16:49:25.781 -05:00 INF] Executed action ApiIncidencias.Controllers.PaisController.Get11 (ApiIncidencias) in 12.4657ms
[2023-09-01 16:49:25.781 -05:00 INF] Executed endpoint 'ApiIncidencias.Controllers.PaisController.Get11 (ApiIncidencias)'
[2023-09-01 16:49:25.782 -05:00 INF] Request finished HTTP/1.1 GET http://localhost:5255/api/incidencias/Pais - - - 200 - application/json;+charset=utf-8 13.3911ms
[2023-09-01 16:49:26.731 -05:00 INF] Request starting HTTP/1.1 GET http://localhost:5255/api/incidencias/Pais - -
[2023-09-01 16:49:26.732 -05:00 INF] Request get:/api/incidencias/pais from IP ::1 has been blocked, quota 2/10s exceeded by 1. Blocked by rule *, TraceIdentifier 0HMTB6JH8KO6K:0000000F. MonitorMode: False
[2023-09-01 16:49:26.734 -05:00 INF] Request finished HTTP/1.1 GET http://localhost:5255/api/incidencias/Pais - - - 429 - text/plain 2.6817ms
[2023-09-01 16:49:27.882 -05:00 INF] Request starting HTTP/1.1 GET http://localhost:5255/api/incidencias/Pais - -
[2023-09-01 16:49:27.883 -05:00 INF] Request get:/api/incidencias/pais from IP ::1 has been blocked, quota 2/10s exceeded by 2. Blocked by rule *, TraceIdentifier 0HMTB6JH8KO6K:00000010. MonitorMode: False
[2023-09-01 16:49:27.883 -05:00 INF] Request finished HTTP/1.1 GET http://localhost:5255/api/incidencias/Pais - - - 429 - text/plain 0.6158ms
[2023-09-01 16:49:29.019 -05:00 INF] Request starting HTTP/1.1 GET http://localhost:5255/api/incidencias/Pais - -
[2023-09-01 16:49:29.020 -05:00 INF] Request get:/api/incidencias/pais from IP ::1 has been blocked, quota 2/10s exceeded by 3. Blocked by rule *, TraceIdentifier 0HMTB6JH8KO6K:00000011. MonitorMode: False
[2023-09-01 16:49:29.020 -05:00 INF] Request finished HTTP/1.1 GET http://localhost:5255/api/incidencias/Pais - - - 429 - text/plain 1.0856ms
[2023-09-01 16:49:29.905 -05:00 INF] Request starting HTTP/1.1 GET http://localhost:5255/api/incidencias/Pais - -
[2023-09-01 16:49:29.905 -05:00 INF] Request get:/api/incidencias/pais from IP ::1 has been blocked, quota 2/10s exceeded by 4. Blocked by rule *, TraceIdentifier 0HMTB6JH8KO6K:00000012. MonitorMode: False
[2023-09-01 16:49:29.905 -05:00 INF] Request finished HTTP/1.1 GET http://localhost:5255/api/incidencias/Pais - - - 429 - text/plain 0.7230ms
[2023-09-01 16:49:30.748 -05:00 INF] Request starting HTTP/1.1 GET http://localhost:5255/api/incidencias/Pais - -
[2023-09-01 16:49:30.748 -05:00 INF] Request get:/api/incidencias/pais from IP ::1 has been blocked, quota 2/10s exceeded by 5. Blocked by rule *, TraceIdentifier 0HMTB6JH8KO6K:00000013. MonitorMode: False
[2023-09-01 16:49:30.749 -05:00 INF] Request finished HTTP/1.1 GET http://localhost:5255/api/incidencias/Pais - - - 429 - text/plain 0.8377ms
[2023-09-01 16:49:31.644 -05:00 INF] Request starting HTTP/1.1 GET http://localhost:5255/api/incidencias/Pais - -
[2023-09-01 16:49:31.645 -05:00 INF] Request get:/api/incidencias/pais from IP ::1 has been blocked, quota 2/10s exceeded by 6. Blocked by rule *, TraceIdentifier 0HMTB6JH8KO6K:00000014. MonitorMode: False
[2023-09-01 16:49:31.645 -05:00 INF] Request finished HTTP/1.1 GET http://localhost:5255/api/incidencias/Pais - - - 429 - text/plain 0.9625ms
[2023-09-01 16:49:32.392 -05:00 INF] Request starting HTTP/1.1 GET http://localhost:5255/api/incidencias/Pais - -
[2023-09-01 16:49:32.393 -05:00 INF] Request get:/api/incidencias/pais from IP ::1 has been blocked, quota 2/10s exceeded by 7. Blocked by rule *, TraceIdentifier 0HMTB6JH8KO6K:00000015. MonitorMode: False
[2023-09-01 16:49:32.394 -05:00 INF] Request finished HTTP/1.1 GET http://localhost:5255/api/incidencias/Pais - - - 429 - text/plain 1.2607ms
[2023-09-01 16:49:33.273 -05:00 INF] Request starting HTTP/1.1 GET http://localhost:5255/api/incidencias/Pais - -
[2023-09-01 16:49:33.274 -05:00 INF] Executing endpoint 'ApiIncidencias.Controllers.PaisController.Get11 (ApiIncidencias)'
[2023-09-01 16:49:33.274 -05:00 INF] Route matched with {action = "Get11", controller = "Pais"}. Executing controller action with signature System.Threading.Tasks.Task`1[Microsoft.AspNetCore.Mvc.ActionResult`1[ApiIncidencias.Helpers.Pager`1[ApiIncidencias.Dtos.PaisxDepDto]]] Get11(ApiIncidencias.Helpers.Params) on controller ApiIncidencias.Controllers.PaisController (ApiIncidencias).
[2023-09-01 16:49:33.280 -05:00 INF] Executed DbCommand (2ms) [Parameters=[], CommandType='"Text"', CommandTimeout='30']
SELECT COUNT(*)
FROM `pais` AS `p`
[2023-09-01 16:49:33.281 -05:00 INF] Executed DbCommand (1ms) [Parameters=[@__p_1='?' (DbType = Int32), @__p_0='?' (DbType = Int32)], CommandType='"Text"', CommandTimeout='30']
SELECT `t`.`Id`, `t`.`NombrePais`, `d`.`Id`, `d`.`IdPaisFk`, `d`.`NombreDep`
FROM (
    SELECT `p`.`Id`, `p`.`NombrePais`
    FROM `pais` AS `p`
    LIMIT @__p_1 OFFSET @__p_0
) AS `t`
LEFT JOIN `departamento` AS `d` ON `t`.`Id` = `d`.`IdPaisFk`
ORDER BY `t`.`Id`
[2023-09-01 16:49:33.282 -05:00 INF] Executing ObjectResult, writing value of type 'ApiIncidencias.Helpers.Pager`1[[ApiIncidencias.Dtos.PaisxDepDto, ApiIncidencias, Version=1.0.0.0, Culture=neutral, PublicKeyToken=null]]'.
[2023-09-01 16:49:33.282 -05:00 INF] Executed action ApiIncidencias.Controllers.PaisController.Get11 (ApiIncidencias) in 7.734ms
[2023-09-01 16:49:33.282 -05:00 INF] Executed endpoint 'ApiIncidencias.Controllers.PaisController.Get11 (ApiIncidencias)'
[2023-09-01 16:49:33.282 -05:00 INF] Request finished HTTP/1.1 GET http://localhost:5255/api/incidencias/Pais - - - 200 - application/json;+charset=utf-8 9.1792ms
